Arguments: 
  /bin/node /home/simon/.yarn/bin/yarn.js version

PATH: 
  /home/simon/.yarn/bin:/home/simon/.config/yarn/global/node_modules/.bin:/home/simon/bin:/home/simon/.local/bin:/usr/local/sbin:/usr/local/bin:/usr/sbin:/usr/bin:/sbin:/bin:/usr/games:/usr/local/games:/home/simon/Downloads/jdk-9.0.4/bin:/snap/bin:/home/simon/Downloads/jdk-9.0.4/bin

Yarn version: 
  1.5.1

Node version: 
  9.5.0

Platform: 
  linux x64

npm manifest: 
  {
    "name": "Portfolio",
    "version": "0.1.0",
    "main": "index.js",
    "repository": "https://github.com/simonescob/simonescob.github.io.git",
    "author": "Simon Escobar <snescobar25@gmail.com>",
    "license": "MIT",
    "dependencies": {
      "graphql": "^0.13.2"
    }
  }

yarn manifest: 
  No manifest

Lockfile: 
  # THIS IS AN AUTOGENERATED FILE. DO NOT EDIT THIS FILE DIRECTLY.
  # yarn lockfile v1
  
  
  graphql@^0.13.2:
    version "0.13.2"
    resolved "https://registry.yarnpkg.com/graphql/-/graphql-0.13.2.tgz#4c740ae3c222823e7004096f832e7b93b2108270"
    dependencies:
      iterall "^1.2.1"
  
  iterall@^1.2.1:
    version "1.2.2"
    resolved "https://registry.yarnpkg.com/iterall/-/iterall-1.2.2.tgz#92d70deb8028e0c39ff3164fdbf4d8b088130cd7"

Trace: 
  Error: canceled
      at Interface.<anonymous> (/home/simon/.yarn/lib/cli.js:128791:13)
      at Interface.emit (events.js:160:13)
      at Interface._ttyWrite (readline.js:785:16)
      at ReadStream.onkeypress (readline.js:165:10)
      at ReadStream.emit (events.js:160:13)
      at emitKeys (internal/readline.js:420:14)
      at emitKeys.next (<anonymous>)
      at ReadStream.onData (readline.js:1021:36)
      at ReadStream.emit (events.js:160:13)
      at addChunk (_stream_readable.js:269:12)
